19:27:04.281 skipping bootstrap configuration: could not find or read file: classpath:karate-config.js
19:27:06.195 [print] Payment Id: 710
19:27:06.199 [print] The Request1 is  {
  "user_id": 1,
  "book_id": 1
}

19:27:06.204 [print] Response1 is:  {
  "OrderID": [
    {
      "paymentID": 710,
      "paymentStatus": "NotStarted"
    }
  ]
}

19:27:06.208 [print] Response is:  [
  "NotStarted"
]

19:27:07.197 [print] The second response is:  {
  "product availability": [
    {
      "paymentstatus": "Pending",
      "paymenttype": "Please select the payment",
      "otp": 541
    }
  ]
}

beanstalk.com:80 [onlinebookstorecognizant.us-east-2.elasticbeanstalk.com/3.13.64.21] failed: Connection refused: connect
olor:white;background-color:#525D76;font-size:16px;} h3 {font-family:Tahoma,Arial,sans-serif;color:white;background-color:#525D76;font-size:14px;} body {font-family:Tahoma,Arial,sans-serif;color:black;background-color:white;} b {font-family:Tahoma,Arial,sans-serif;color:white;background-color:#525D76;} p {font-family:Tahoma,Arial,sans-serif;background:white;color:black;font-size:12px;} a {color:black;} a.name {color:black;} .line {height:1px;background-color:#525D76;border:none;}</style></head><body><h1>HTTP Status 415 – Unsupported Media Type</h1><hr class="line" /><p><b>Type</b> Status Report</p><p><b>Description</b> The origin server is refusing to service the request because the payload is in a format not supported by this method on the target resource.</p><hr class="line" /><h3>Apache Tomcat/8.5.40</h3></body></html>
er cannot or will not process the request due to something that is perceived to be a client error (e.g., malformed request syntax, invalid request message framing, or deceptive request routing).</p><hr class="line" /><h3>Apache Tomcat/8.5.40</h3></body></html>
te entry &#39;351&#39; for key &#39;paymentid_UNIQUE&#39;
	org.springframework.web.servlet.FrameworkServlet.processRequest(FrameworkServlet.java:982)
	org.springframework.web.servlet.FrameworkServlet.doPost(FrameworkServlet.java:872)
	javax.servlet.http.HttpServlet.service(HttpServlet.java:661)
	org.springframework.web.servlet.FrameworkServlet.service(FrameworkServlet.java:846)
	javax.servlet.http.HttpServlet.service(HttpServlet.java:742)
	org.apache.tomcat.websocket.server.WsFilter.doFilter(WsFilter.java:52)
</pre><p><b>Root Cause</b></p><pre>java.sql.SQLIntegrityConstraintViolationException: Duplicate entry &#39;351&#39; for key &#39;paymentid_UNIQUE&#39;
	com.mysql.cj.jdbc.exceptions.SQLError.createSQLException(SQLError.java:115)
	com.mysql.cj.jdbc.exceptions.SQLError.createSQLException(SQLError.java:95)
	com.mysql.cj.jdbc.exceptions.SQLExceptionsMapping.translateException(SQLExceptionsMapping.java:122)
	com.mysql.cj.jdbc.ClientPreparedStatement.executeInternal(ClientPreparedStatement.java:960)
	com.mysql.cj.jdbc.ClientPreparedStatement.executeUpdateInternal(ClientPreparedStatement.java:1116)
	com.mysql.cj.jdbc.ClientPreparedStatement.executeUpdateInternal(ClientPreparedStatement.java:1066)
	com.mysql.cj.jdbc.ClientPreparedStatement.executeLargeUpdate(ClientPreparedStatement.java:1396)
	com.mysql.cj.jdbc.ClientPreparedStatement.executeUpdate(ClientPreparedStatement.java:1051)
	com.journaldev.spring.controller.RestStatementAPI.getOrderID(RestStatementAPI.java:80)
	com.journaldev.spring.controller.RestApiController.addToCart(RestApiController.java:124)
	sun.reflect.GeneratedMethodAccessor52.invoke(Unknown Source)
	sun.reflect.DelegatingMethodAccessorImpl.invoke(DelegatingMethodAccessorImpl.java:43)
	java.lang.reflect.Method.invoke(Method.java:498)
	org.springframework.web.method.support.InvocableHandlerMethod.doInvoke(InvocableHandlerMethod.java:205)
	org.springframework.web.method.support.InvocableHandlerMethod.invokeForRequest(InvocableHandlerMethod.java:133)
	org.springframework.web.servlet.mvc.method.annotation.ServletInvocableHandlerMethod.invokeAndHandle(ServletInvocableHandlerMethod.java:97)
	org.springframework.web.servlet.mvc.method.annotation.RequestMappingHandlerAdapter.invokeHandlerMethod(RequestMappingHandlerAdapter.java:827)
	org.springframework.web.servlet.mvc.method.annotation.RequestMappingHandlerAdapter.handleInternal(RequestMappingHandlerAdapter.java:738)
	org.springframework.web.servlet.mvc.method.AbstractHandlerMethodAdapter.handle(AbstractHandlerMethodAdapter.java:85)
	org.springframework.web.servlet.DispatcherServlet.doDispatch(DispatcherServlet.java:967)
	org.springframework.web.servlet.DispatcherServlet.doService(DispatcherServlet.java:901)
	org.springframework.web.servlet.FrameworkServlet.processRequest(FrameworkServlet.java:970)
	org.springframework.web.servlet.FrameworkServlet.doPost(FrameworkServlet.java:872)
	javax.servlet.http.HttpServlet.service(HttpServlet.java:661)
	org.springframework.web.servlet.FrameworkServlet.service(FrameworkServlet.java:846)
	javax.servlet.http.HttpServlet.service(HttpServlet.java:742)
	org.apache.tomcat.websocket.server.WsFilter.doFilter(WsFilter.java:52)
</pre><p><b>Note</b> The full stack trace of the root cause is available in the server logs.</p><hr class="line" /><h3>Apache Tomcat/8.5.40</h3></body></html>
